<?xml version="1.0" encoding="UTF-8"?>
<!-- Generated by org.testng.reporters.JUnitReportReporter -->
<testsuite hostname="MLI01110" failures="0" tests="1" name="testingFiles.Magneto_Test" time="73.549" errors="0" timestamp="2023-02-28T18:19:01 IST" skipped="0">
  <testcase classname="testingFiles.Magneto_Test" name="Task1" time="73.549"/>
  <system-out/>
</testsuite> <!-- testingFiles.Magneto_Test -->
